<?xml version="1.0" encoding="UTF-8"?>
<coverage generated="1665748360862" clover="3.2.0">
  <project timestamp="1665748360863" name="All files">
    <metrics statements="17" coveredstatements="13" conditionals="2" coveredconditionals="0" methods="6" coveredmethods="3" elements="25" coveredelements="16" complexity="0" loc="17" ncloc="17" packages="1" files="1" classes="1"/>
    <file name="addDelete.js" path="C:\Users\BOBBY-J\Desktop\to-do-list\src\addDelete.js">
      <metrics statements="17" coveredstatements="13" conditionals="2" coveredconditionals="0" methods="6" coveredmethods="3"/>
      <line num="1" count="1" type="stmt"/>
      <line num="3" count="1" type="stmt"/>
      <line num="5" count="1" type="stmt"/>
      <line num="6" count="1" type="stmt"/>
      <line num="11" count="1" type="stmt"/>
      <line num="14" count="1" type="stmt"/>
      <line num="15" count="1" type="stmt"/>
      <line num="16" count="1" type="stmt"/>
      <line num="17" count="1" type="stmt"/>
      <line num="18" count="1" type="stmt"/>
      <line num="19" count="0" type="stmt"/>
      <line num="20" count="0" type="stmt"/>
      <line num="22" count="1" type="stmt"/>
      <line num="25" count="1" type="stmt"/>
      <line num="26" count="0" type="stmt"/>
      <line num="29" count="1" type="stmt"/>
      <line num="30" count="0" type="cond" truecount="0" falsecount="2"/>
    </file>
  </project>
</coverage>
